\BOOKMARK [0][-]{titulo.0}{\376\377\000P\000\341\000g\000i\000n\000a\000\040\000d\000e\000\040\000T\000\355\000t\000u\000l\000o}{}% 1
\BOOKMARK [0][-]{indices.0}{\376\377\000\315\000n\000d\000i\000c\000e\000s}{}% 2
\BOOKMARK [1][-]{tabla de contenidos.1}{\376\377\000T\000a\000b\000l\000a\000\040\000d\000e\000\040\000C\000o\000n\000t\000e\000n\000i\000d\000o\000s}{indices.0}% 3
\BOOKMARK [1][-]{indice de figuras.1}{\376\377\000\315\000n\000d\000i\000c\000e\000\040\000d\000e\000\040\000f\000i\000g\000u\000r\000a\000s}{indices.0}% 4
\BOOKMARK [1][-]{indice de tablas.1}{\376\377\000\315\000n\000d\000i\000c\000e\000\040\000d\000e\000\040\000t\000a\000b\000l\000a\000s}{indices.0}% 5
\BOOKMARK [0][-]{chapter.8}{\376\377\000I\000n\000t\000r\000o\000d\000u\000c\000c\000i\000\363\000n}{}% 6
\BOOKMARK [1][-]{section.9}{\376\377\000M\000o\000t\000i\000v\000a\000c\000i\000\363\000n}{chapter.8}% 7
\BOOKMARK [1][-]{section.16}{\376\377\000O\000b\000j\000e\000t\000i\000v\000o\000s}{chapter.8}% 8
\BOOKMARK [1][-]{section.17}{\376\377\000P\000l\000a\000n\000\040\000d\000e\000\040\000t\000r\000a\000b\000a\000j\000o}{chapter.8}% 9
\BOOKMARK [0][-]{chapter.19}{\376\377\000E\000s\000t\000a\000d\000o\000\040\000d\000e\000\040\000l\000a\000\040\000C\000u\000e\000s\000t\000i\000\363\000n}{}% 10
\BOOKMARK [1][-]{section.20}{\376\377\000U\000b\000e\000r}{chapter.19}% 11
\BOOKMARK [1][-]{section.22}{\376\377\000H\000a\000b\000i\000t\000i\000s\000s\000i\000m\000o}{chapter.19}% 12
\BOOKMARK [1][-]{section.24}{\376\377\000B\000o\000o\000k\000s\000y}{chapter.19}% 13
\BOOKMARK [1][-]{section.26}{\376\377\000U\000p\000w\000o\000r\000k}{chapter.19}% 14
\BOOKMARK [0][-]{chapter.28}{\376\377\000T\000e\000c\000n\000o\000l\000o\000g\000\355\000a\000s\000\040\000e\000m\000p\000l\000e\000a\000d\000a\000s}{}% 15
\BOOKMARK [1][-]{section.29}{\376\377\000A\000p\000l\000i\000c\000a\000c\000i\000o\000n\000e\000s\000\040\000y\000\040\000h\000e\000r\000r\000a\000m\000i\000e\000n\000t\000a\000s\000\040\000g\000e\000n\000e\000r\000a\000l\000e\000s}{chapter.28}% 16
\BOOKMARK [2][-]{subsection.30}{\376\377\000A\000n\000d\000r\000o\000i\000d\000\040\000S\000t\000u\000d\000i\000o}{section.29}% 17
\BOOKMARK [2][-]{subsection.31}{\376\377\000O\000b\000s\000i\000d\000i\000a\000n}{section.29}% 18
\BOOKMARK [2][-]{subsection.32}{\376\377\000F\000i\000g\000m\000a}{section.29}% 19
\BOOKMARK [2][-]{subsection.33}{\376\377\000D\000r\000a\000w\000i\000o}{section.29}% 20
\BOOKMARK [2][-]{subsection.34}{\376\377\000G\000i\000t\000,\000\040\000G\000i\000t\000h\000u\000b\000\040\000y\000\040\000L\000a\000z\000y\000g\000i\000t}{section.29}% 21
\BOOKMARK [1][-]{section.35}{\376\377\000T\000e\000c\000n\000o\000l\000o\000g\000\355\000a\000s\000\040\000e\000s\000p\000e\000c\000\355\000f\000i\000c\000a\000s\000\040\000d\000e\000\040\000A\000n\000d\000r\000o\000i\000d}{chapter.28}% 22
\BOOKMARK [2][-]{subsection.36}{\376\377\000K\000o\000t\000l\000i\000n}{section.35}% 23
\BOOKMARK [2][-]{subsection.40}{\376\377\000J\000e\000t\000p\000a\000c\000k\000\040\000C\000o\000m\000p\000o\000s\000e}{section.35}% 24
\BOOKMARK [2][-]{subsection.44}{\376\377\000T\000e\000s\000t\000i\000n\000g}{section.35}% 25
\BOOKMARK [2][-]{subsection.45}{\376\377\000D\000a\000g\000g\000e\000r\000\040\000H\000i\000l\000t}{section.35}% 26
\BOOKMARK [2][-]{subsection.49}{\376\377\000M\000a\000p\000s}{section.35}% 27
\BOOKMARK [2][-]{subsection.51}{\376\377\000C\000o\000m\000p\000o\000s\000e\000\040\000D\000e\000s\000t\000i\000n\000a\000t\000i\000o\000n\000s}{section.35}% 28
\BOOKMARK [2][-]{subsection.54}{\376\377\000C\000o\000i\000l}{section.35}% 29
\BOOKMARK [2][-]{subsection.55}{\376\377\000M\000a\000t\000e\000r\000i\000a\000l\000\040\000d\000e\000s\000i\000g\000n}{section.35}% 30
\BOOKMARK [0][-]{chapter.56}{\376\377\000A\000r\000q\000u\000i\000t\000e\000c\000t\000u\000r\000a\000\040\000y\000\040\000m\000o\000d\000e\000l\000o\000\040\000d\000e\000\040\000d\000a\000t\000o\000s}{}% 31
\BOOKMARK [1][-]{section.57}{\376\377\000A\000r\000q\000u\000i\000t\000e\000c\000t\000u\000r\000a\000\040\000y\000\040\000p\000a\000t\000r\000o\000n\000e\000s}{chapter.56}% 32
\BOOKMARK [2][-]{subsection.58}{\376\377\000C\000L\000E\000A\000N\000\040\000a\000r\000c\000h\000i\000t\000e\000c\000t\000u\000r\000e}{section.57}% 33
\BOOKMARK [2][-]{subsection.63}{\376\377\000M\000V\000I}{section.57}% 34
\BOOKMARK [2][-]{subsection.67}{\376\377\000P\000r\000i\000n\000c\000i\000p\000i\000o\000s\000\040\000S\000O\000L\000I\000D}{section.57}% 35
\BOOKMARK [1][-]{section.75}{\376\377\000M\000o\000d\000e\000l\000o\000\040\000d\000e\000\040\000d\000a\000t\000o\000s}{chapter.56}% 36
\BOOKMARK [2][-]{subsection.76}{\376\377\000D\000e\000s\000c\000r\000i\000p\000c\000i\000\363\000n\000\040\000d\000e\000t\000a\000l\000l\000a\000d\000a}{section.75}% 37
\BOOKMARK [2][-]{subsection.84}{\376\377\000F\000i\000r\000e\000b\000a\000s\000e}{section.75}% 38
\BOOKMARK [2][-]{subsection.92}{\376\377\000D\000a\000t\000a\000s\000t\000o\000r\000e}{section.75}% 39
\BOOKMARK [2][-]{subsection.93}{\376\377\000U\000s\000o\000\040\000d\000e\000l\000\040\000p\000a\000t\000r\000\363\000n\000\040\000S\000i\000n\000g\000l\000e\000t\000o\000n\000\040\000c\000o\000m\000o\000\040\000m\000o\000d\000e\000l\000o\000\040\000d\000e\000\040\000p\000e\000r\000s\000i\000s\000t\000e\000n\000c\000i\000a}{section.75}% 40
\BOOKMARK [0][-]{chapter.96}{\376\377\000D\000i\000s\000e\000\361\000o\000\040\000e\000\040\000i\000m\000p\000l\000e\000m\000e\000n\000t\000a\000c\000i\000\363\000n}{}% 41
\BOOKMARK [1][-]{section.97}{\376\377\000C\000\363\000d\000i\000g\000o\000\040\000a\000b\000i\000e\000r\000t\000o}{chapter.96}% 42
\BOOKMARK [1][-]{section.98}{\376\377\000I\000d\000i\000o\000m\000a\000s}{chapter.96}% 43
\BOOKMARK [1][-]{section.99}{\376\377\000G\000e\000s\000t\000i\000\363\000n\000\040\000d\000e\000\040\000e\000r\000r\000o\000r\000e\000s}{chapter.96}% 44
\BOOKMARK [0][-]{chapter*.105}{\376\377\000I\000n\000t\000r\000o\000d\000u\000c\000t\000i\000o\000n}{}% 45
\BOOKMARK [0][-]{chapter*.113}{\376\377\000C\000o\000n\000c\000l\000u\000s\000i\000o\000n\000s\000\040\000a\000n\000d\000\040\000F\000u\000t\000u\000r\000e\000\040\000W\000o\000r\000k}{}% 46
\BOOKMARK [0][-]{chapter*.115}{\376\377\000B\000i\000b\000l\000i\000o\000g\000r\000a\000f\000\355\000a}{}% 47
\BOOKMARK [0][-]{appendix.116}{\376\377\000E\000s\000p\000e\000c\000i\000f\000i\000c\000a\000c\000i\000\363\000n\000\040\000d\000e\000\040\000r\000e\000q\000u\000i\000s\000i\000t\000o\000s}{}% 48
\BOOKMARK [1][-]{section.117}{\376\377\000A\000c\000t\000o\000r\000e\000s}{appendix.116}% 49
\BOOKMARK [1][-]{section.118}{\376\377\000C\000a\000s\000o\000s\000\040\000d\000e\000\040\000U\000s\000o}{appendix.116}% 50
\BOOKMARK [2][-]{subsection.119}{\376\377\000C\000a\000s\000o\000s\000\040\000d\000e\000\040\000u\000s\000o\000\040\000g\000e\000n\000e\000r\000a\000l\000e\000s}{section.118}% 51
\BOOKMARK [2][-]{subsection.127}{\376\377\000C\000a\000s\000o\000s\000\040\000d\000e\000\040\000u\000s\000o\000\040\000d\000e\000\040\000u\000s\000u\000a\000r\000i\000o\000s}{section.118}% 52
\BOOKMARK [2][-]{subsection.133}{\376\377\000C\000a\000s\000o\000s\000\040\000d\000e\000\040\000u\000s\000o\000\040\000d\000e\000\040\000p\000r\000o\000f\000e\000s\000i\000o\000n\000a\000l\000e\000s}{section.118}% 53
\BOOKMARK [2][-]{subsection.141}{\376\377\000C\000a\000s\000o\000s\000\040\000d\000e\000\040\000u\000s\000o\000\040\000d\000e\000\040\000a\000d\000m\000i\000n\000i\000s\000t\000r\000a\000d\000o\000r}{section.118}% 54
\BOOKMARK [0][-]{appendix.147}{\376\377\000G\000u\000\355\000a\000\040\000d\000e\000\040\000u\000s\000u\000a\000r\000i\000o}{}% 55
\BOOKMARK [0][-]{appendix.148}{\376\377\000D\000i\000s\000e\000\361\000o\000\040\000d\000e\000\040\000l\000a\000s\000\040\000b\000a\000s\000e\000s\000\040\000d\000e\000\040\000d\000a\000t\000o\000s}{}% 56
\BOOKMARK [0][-]{appendix.151}{\376\377\000I\000n\000t\000e\000r\000f\000a\000c\000e\000s\000\040\000d\000e\000\040\000P\000r\000o\000f\000i\000n\000d\000e\000r\000\040\000d\000i\000s\000e\000\361\000a\000d\000a\000s\000\040\000e\000n\000\040\000f\000i\000g\000m\000a}{}% 57
